#
# There is insufficient memory for the Java Runtime Environment to continue.
# Native memory allocation (malloc) failed to allocate 288176 bytes for Chunk::new
# Possible reasons:
#   The system is out of physical RAM or swap space
#   The process is running with CompressedOops enabled, and the Java Heap may be blocking the growth of the native heap
# Possible solutions:
#   Reduce memory load on the system
#   Increase physical memory or swap space
#   Check if swap backing store is full
#   Decrease Java heap size (-Xmx/-Xms)
#   Decrease number of Java threads
#   Decrease Java thread stack sizes (-Xss)
#   Set larger code cache with -XX:ReservedCodeCacheSize=
#   JVM is running with Zero Based Compressed Oops mode in which the Java heap is
#     placed in the first 32GB address space. The Java Heap base address is the
#     maximum limit for the native heap growth. Please use -XX:HeapBaseMinAddress
#     to set the Java Heap base and to place the Java Heap above 32GB virtual address.
# This output file may be truncated or incomplete.
#
#  Out of Memory Error (arena.cpp:168), pid=6352, tid=1640
#
# JRE version: Java(TM) SE Runtime Environment (21.0.4+8) (build 21.0.4+8-LTS-274)
# Java VM: Java HotSpot(TM) 64-Bit Server VM (21.0.4+8-LTS-274, mixed mode, sharing, tiered, compressed oops, compressed class ptrs, g1 gc, windows-amd64)
# No core dump will be written. Minidumps are not enabled by default on client versions of Windows
#

---------------  S U M M A R Y ------------

Command Line: -Dfile.encoding=UTF-8 -Dstdout.encoding=UTF-8 -Dstderr.encoding=UTF-8 -XX:+ShowCodeDetailsInExceptionMessages com.sasikumar.DogecoinPriceForecasting.DogecoinPriceForecastingApplication

Host: 12th Gen Intel(R) Core(TM) i5-1240P, 16 cores, 15G,  Windows 11 , 64 bit Build 22621 (10.0.22621.5415)
Time: Wed Jun 11 21:51:51 2025 India Standard Time elapsed time: 434.134911 seconds (0d 0h 7m 14s)

---------------  T H R E A D  ---------------

Current thread (0x00000214f9d337a0):  JavaThread "C2 CompilerThread0" daemon [_thread_in_native, id=1640, stack(0x0000008f46300000,0x0000008f46400000) (1024K)]


Current CompileTask:
C2: 434135 11673       4       org.hibernate.sql.results.graph.basic.BasicResultAssembler::assemble (102 bytes)

Stack: [0x0000008f46300000,0x0000008f46400000]
Native frames: (J=compiled Java code, j=interpreted, Vv=VM code, C=native code)
V  [jvm.dll+0x6c8e59]
V  [jvm.dll+0x853181]
V  [jvm.dll+0x8556ae]
V  [jvm.dll+0x855d83]
V  [jvm.dll+0x27d526]
V  [jvm.dll+0xc4aad]
V  [jvm.dll+0xc4fe3]
V  [jvm.dll+0x3b3fd2]
V  [jvm.dll+0x1df243]
V  [jvm.dll+0x2463d2]
V  [jvm.dll+0x24585f]
V  [jvm.dll+0x1c69de]
V  [jvm.dll+0x254d49]
V  [jvm.dll+0x2532da]
V  [jvm.dll+0x3ed426]
V  [jvm.dll+0x7fd65b]
V  [jvm.dll+0x6c753d]
C  [ucrtbase.dll+0x29333]
C  [KERNEL32.DLL+0x1259d]
C  [ntdll.dll+0x5af78]


---------------  P R O C E S S  ---------------

Threads class SMR info:
_java_thread_list=0x00000214fea2b520, length=30, elements={
0x00000214f9d206c0, 0x00000214f9d215e0, 0x00000214f9d23e90, 0x00000214f9d253c0,
0x00000214f9d28d40, 0x00000214f9d2a6e0, 0x00000214f9d337a0, 0x00000214f9d35600,
0x00000214fe192b20, 0x00000214fe1d5930, 0x00000214ff5abae0, 0x00000214d0119700,
0x00000214d0115bf0, 0x00000214d011aab0, 0x00000214d0116fa0, 0x00000214d011b140,
0x00000214d01189e0, 0x00000214d0114ed0, 0x00000214d0115560, 0x00000214fe2db380,
0x00000214fe2df520, 0x00000214fe2de800, 0x00000214fe2dcdc0, 0x00000214fe2de170,
0x00000214fe2dee90, 0x00000214fe2dc0a0, 0x00000214fe2e0240, 0x00000214fe2dfbb0,
0x00000214fe2dc730, 0x00000214fe2e08d0
}

Java Threads: ( => current thread )
  0x00000214f9d206c0 JavaThread "Reference Handler"          daemon [_thread_blocked, id=11624, stack(0x0000008f45d00000,0x0000008f45e00000) (1024K)]
  0x00000214f9d215e0 JavaThread "Finalizer"                  daemon [_thread_blocked, id=9728, stack(0x0000008f45e00000,0x0000008f45f00000) (1024K)]
  0x00000214f9d23e90 JavaThread "Signal Dispatcher"          daemon [_thread_blocked, id=16100, stack(0x0000008f45f00000,0x0000008f46000000) (1024K)]
  0x00000214f9d253c0 JavaThread "Attach Listener"            daemon [_thread_blocked, id=2036, stack(0x0000008f46000000,0x0000008f46100000) (1024K)]
  0x00000214f9d28d40 JavaThread "Service Thread"             daemon [_thread_blocked, id=11604, stack(0x0000008f46100000,0x0000008f46200000) (1024K)]
  0x00000214f9d2a6e0 JavaThread "Monitor Deflation Thread"   daemon [_thread_blocked, id=12224, stack(0x0000008f46200000,0x0000008f46300000) (1024K)]
=>0x00000214f9d337a0 JavaThread "C2 CompilerThread0"         daemon [_thread_in_native, id=1640, stack(0x0000008f46300000,0x0000008f46400000) (1024K)]
  0x00000214f9d35600 JavaThread "C1 CompilerThread0"         daemon [_thread_blocked, id=15684, stack(0x0000008f46400000,0x0000008f46500000) (1024K)]
  0x00000214fe192b20 JavaThread "Notification Thread"        daemon [_thread_blocked, id=11572, stack(0x0000008f46800000,0x0000008f46900000) (1024K)]
  0x00000214fe1d5930 JavaThread "Common-Cleaner"             daemon [_thread_blocked, id=12396, stack(0x0000008f46900000,0x0000008f46a00000) (1024K)]
  0x00000214ff5abae0 JavaThread "mysql-cj-abandoned-connection-cleanup" daemon [_thread_blocked, id=12376, stack(0x0000008f48200000,0x0000008f48300000) (1024K)]
  0x00000214d0119700 JavaThread "Live Reload Server"         daemon [_thread_in_native, id=11692, stack(0x0000008f48700000,0x0000008f48800000) (1024K)]
  0x00000214d0115bf0 JavaThread "DestroyJavaVM"                     [_thread_blocked, id=12372, stack(0x0000008f45500000,0x0000008f45600000) (1024K)]
  0x00000214d011aab0 JavaThread "Catalina-utility-1"                [_thread_blocked, id=17508, stack(0x0000008f46600000,0x0000008f46700000) (1024K)]
  0x00000214d0116fa0 JavaThread "Catalina-utility-2"                [_thread_blocked, id=17640, stack(0x0000008f46700000,0x0000008f46800000) (1024K)]
  0x00000214d011b140 JavaThread "container-0"                       [_thread_blocked, id=17644, stack(0x0000008f46a00000,0x0000008f46b00000) (1024K)]
  0x00000214d01189e0 JavaThread "HikariPool-6:housekeeper"   daemon [_thread_blocked, id=17812, stack(0x0000008f46c00000,0x0000008f46d00000) (1024K)]
  0x00000214d0114ed0 JavaThread "File Watcher"               daemon [_thread_blocked, id=5088, stack(0x0000008f47700000,0x0000008f47800000) (1024K)]
  0x00000214d0115560 JavaThread "http-nio-8080-exec-1"       daemon [_thread_blocked, id=15928, stack(0x0000008f47900000,0x0000008f47a00000) (1024K)]
  0x00000214fe2db380 JavaThread "http-nio-8080-exec-2"       daemon [_thread_blocked, id=20012, stack(0x0000008f47f00000,0x0000008f48000000) (1024K)]
  0x00000214fe2df520 JavaThread "http-nio-8080-exec-3"       daemon [_thread_blocked, id=12812, stack(0x0000008f48000000,0x0000008f48100000) (1024K)]
  0x00000214fe2de800 JavaThread "http-nio-8080-exec-4"       daemon [_thread_blocked, id=15724, stack(0x0000008f48100000,0x0000008f48200000) (1024K)]
  0x00000214fe2dcdc0 JavaThread "http-nio-8080-exec-5"       daemon [_thread_blocked, id=15996, stack(0x0000008f48300000,0x0000008f48400000) (1024K)]
  0x00000214fe2de170 JavaThread "http-nio-8080-exec-6"       daemon [_thread_blocked, id=15388, stack(0x0000008f48400000,0x0000008f48500000) (1024K)]
  0x00000214fe2dee90 JavaThread "http-nio-8080-exec-7"       daemon [_thread_blocked, id=9720, stack(0x0000008f48500000,0x0000008f48600000) (1024K)]
  0x00000214fe2dc0a0 JavaThread "http-nio-8080-exec-8"       daemon [_thread_blocked, id=13360, stack(0x0000008f48600000,0x0000008f48700000) (1024K)]
  0x00000214fe2e0240 JavaThread "http-nio-8080-exec-9"       daemon [_thread_blocked, id=2000, stack(0x0000008f48800000,0x0000008f48900000) (1024K)]
  0x00000214fe2dfbb0 JavaThread "http-nio-8080-exec-10"      daemon [_thread_blocked, id=4940, stack(0x0000008f48900000,0x0000008f48a00000) (1024K)]
  0x00000214fe2dc730 JavaThread "http-nio-8080-Poller"       daemon [_thread_in_native, id=9484, stack(0x0000008f48a00000,0x0000008f48b00000) (1024K)]
  0x00000214fe2e08d0 JavaThread "http-nio-8080-Acceptor"     daemon [_thread_in_native, id=11608, stack(0x0000008f48b00000,0x0000008f48c00000) (1024K)]
Total: 30

Other Threads:
  0x00000214f9d05a50 VMThread "VM Thread"                           [id=11288, stack(0x0000008f45c00000,0x0000008f45d00000) (1024K)]
  0x00000214f9cedf30 WatcherThread "VM Periodic Task Thread"        [id=15168, stack(0x0000008f45b00000,0x0000008f45c00000) (1024K)]
  0x00000214e9186f30 WorkerThread "GC Thread#0"                     [id=15460, stack(0x0000008f45600000,0x0000008f45700000) (1024K)]
  0x00000214fe8338e0 WorkerThread "GC Thread#1"                     [id=12184, stack(0x0000008f46e00000,0x0000008f46f00000) (1024K)]
  0x00000214fec3bf40 WorkerThread "GC Thread#2"                     [id=2724, stack(0x0000008f46f00000,0x0000008f47000000) (1024K)]
  0x00000214fe9fd050 WorkerThread "GC Thread#3"                     [id=12404, stack(0x0000008f47000000,0x0000008f47100000) (1024K)]
  0x00000214fecc2cf0 WorkerThread "GC Thread#4"                     [id=7920, stack(0x0000008f47100000,0x0000008f47200000) (1024K)]
  0x00000214fecc3090 WorkerThread "GC Thread#5"                     [id=7768, stack(0x0000008f47200000,0x0000008f47300000) (1024K)]
  0x00000214fed78060 WorkerThread "GC Thread#6"                     [id=2440, stack(0x0000008f47400000,0x0000008f47500000) (1024K)]
  0x00000214fed78ee0 WorkerThread "GC Thread#7"                     [id=16072, stack(0x0000008f47500000,0x0000008f47600000) (1024K)]
  0x00000214fed77580 WorkerThread "GC Thread#8"                     [id=10696, stack(0x0000008f47600000,0x0000008f47700000) (1024K)]
  0x00000214fed77920 WorkerThread "GC Thread#9"                     [id=6512, stack(0x0000008f47300000,0x0000008f47400000) (1024K)]
  0x00000214fed77cc0 WorkerThread "GC Thread#10"                    [id=11204, stack(0x0000008f47800000,0x0000008f47900000) (1024K)]
  0x00000214fed787a0 WorkerThread "GC Thread#11"                    [id=14672, stack(0x0000008f47a00000,0x0000008f47b00000) (1024K)]
  0x00000214d119c530 WorkerThread "GC Thread#12"                    [id=9820, stack(0x0000008f47b00000,0x0000008f47c00000) (1024K)]
  0x00000214e9198aa0 ConcurrentGCThread "G1 Main Marker"            [id=15884, stack(0x0000008f45700000,0x0000008f45800000) (1024K)]
  0x00000214e91995a0 WorkerThread "G1 Conc#0"                       [id=6192, stack(0x0000008f45800000,0x0000008f45900000) (1024K)]
  0x00000214d119b6b0 WorkerThread "G1 Conc#1"                       [id=10116, stack(0x0000008f47c00000,0x0000008f47d00000) (1024K)]
  0x00000214d119a490 WorkerThread "G1 Conc#2"                       [id=8840, stack(0x0000008f47d00000,0x0000008f47e00000) (1024K)]
  0x00000214f9bbe2d0 ConcurrentGCThread "G1 Refine#0"               [id=15560, stack(0x0000008f45900000,0x0000008f45a00000) (1024K)]
  0x00000214f9bbea50 ConcurrentGCThread "G1 Service"                [id=15980, stack(0x0000008f45a00000,0x0000008f45b00000) (1024K)]
Total: 21

Threads with active compile tasks:
C2 CompilerThread0   434179 11673       4       org.hibernate.sql.results.graph.basic.BasicResultAssembler::assemble (102 bytes)
Total: 1

VM state: not at safepoint (normal execution)

VM Mutex/Monitor currently owned by a thread: None

Heap address: 0x0000000704800000, size: 4024 MB, Compressed Oops mode: Zero based, Oop shift amount: 3

CDS archive(s) mapped at: [0x000002148f000000-0x000002148fc90000-0x000002148fc90000), size 13172736, SharedBaseAddress: 0x000002148f000000, ArchiveRelocationMode: 1.
Compressed class space mapped at: 0x0000021490000000-0x00000214d0000000, reserved size: 1073741824
Narrow klass base: 0x000002148f000000, Narrow klass shift: 0, Narrow klass range: 0x100000000

GC Precious Log:
 CardTable entry size: 512
 Card Set container configuration: InlinePtr #cards 4 size 8 Array Of Cards #cards 16 size 48 Howl #buckets 8 coarsen threshold 3686 Howl Bitmap #cards 512 size 80 coarsen threshold 460 Card regions per heap region 1 cards per card region 4096
 CPUs: 16 total, 16 available
 Memory: 16088M
 Large Page Support: Disabled
 NUMA Support: Disabled
 Compressed Oops: Enabled (Zero based)
 Heap Region Size: 2M
 Heap Min Capacity: 8M
 Heap Initial Capacity: 252M
 Heap Max Capacity: 4024M
 Pre-touch: Disabled
 Parallel Workers: 13
 Concurrent Workers: 3
 Concurrent Refinement Workers: 13
 Periodic GC: Disabled

Heap:
 garbage-first heap   total 92160K, used 43798K [0x0000000704800000, 0x0000000800000000)
  region size 2048K, 9 young (18432K), 3 survivors (6144K)
 Metaspace       used 78953K, committed 79808K, reserved 1179648K
  class space    used 10439K, committed 10880K, reserved 1048576K

Heap Regions: E=young(eden), S=young(survivor), O=old, HS=humongous(starts), HC=humongous(continues), CS=collection set, F=free, TAMS=top-at-mark-start, PB=parsable bottom
|   0|0x0000000704800000, 0x0000000704a00000, 0x0000000704a00000|100%| O|  |TAMS 0x0000000704800000| PB 0x0000000704800000| Untracked 
|   1|0x0000000704a00000, 0x0000000704bffff0, 0x0000000704c00000| 99%| O|  |TAMS 0x0000000704a00000| PB 0x0000000704a00000| Untracked 
|   2|0x0000000704c00000, 0x0000000704e00000, 0x0000000704e00000|100%| O|  |TAMS 0x0000000704c00000| PB 0x0000000704c00000| Untracked 
|   3|0x0000000704e00000, 0x0000000704fffff0, 0x0000000705000000| 99%| O|  |TAMS 0x0000000704e00000| PB 0x0000000704e00000| Untracked 
|   4|0x0000000705000000, 0x00000007051ea368, 0x0000000705200000| 95%| O|  |TAMS 0x0000000705000000| PB 0x0000000705000000| Untracked 
|   5|0x0000000705200000, 0x00000007053fe778, 0x0000000705400000| 99%| O|  |TAMS 0x0000000705200000| PB 0x0000000705200000| Untracked 
|   6|0x0000000705400000, 0x00000007055ffff0, 0x0000000705600000| 99%| O|  |TAMS 0x0000000705400000| PB 0x0000000705400000| Untracked 
|   7|0x0000000705600000, 0x00000007057ffff0, 0x0000000705800000| 99%| O|  |TAMS 0x0000000705600000| PB 0x0000000705600000| Untracked 
|   8|0x0000000705800000, 0x00000007059fffa8, 0x0000000705a00000| 99%| O|  |TAMS 0x0000000705800000| PB 0x0000000705800000| Untracked 
|   9|0x0000000705a00000, 0x0000000705c00000, 0x0000000705c00000|100%| O|  |TAMS 0x0000000705a00000| PB 0x0000000705a00000| Untracked 
|  10|0x0000000705c00000, 0x0000000705dffff8, 0x0000000705e00000| 99%| O|  |TAMS 0x0000000705c00000| PB 0x0000000705c00000| Untracked 
|  11|0x0000000705e00000, 0x0000000705ffffb8, 0x0000000706000000| 99%| O|  |TAMS 0x0000000705e00000| PB 0x0000000705e00000| Untracked 
|  12|0x0000000706000000, 0x00000007061fffe8, 0x0000000706200000| 99%| O|  |TAMS 0x0000000706000000| PB 0x0000000706000000| Untracked 
|  13|0x0000000706200000, 0x0000000706364ad0, 0x0000000706400000| 69%| O|  |TAMS 0x0000000706200000| PB 0x0000000706200000| Untracked 
|  14|0x0000000706400000, 0x0000000706468a20, 0x0000000706600000| 20%| O|  |TAMS 0x0000000706400000| PB 0x0000000706400000| Untracked 
|  15|0x0000000706600000, 0x0000000706600000, 0x0000000706800000|  0%| F|  |TAMS 0x0000000706600000| PB 0x0000000706600000| Untracked 
|  16|0x0000000706800000, 0x0000000706835448, 0x0000000706a00000| 10%| O|Cm|TAMS 0x0000000706800000| PB 0x0000000706800000| Complete 
|  17|0x0000000706a00000, 0x0000000706a00000, 0x0000000706c00000|  0%| F|  |TAMS 0x0000000706a00000| PB 0x0000000706a00000| Untracked 
|  18|0x0000000706c00000, 0x0000000706c00000, 0x0000000706e00000|  0%| F|  |TAMS 0x0000000706c00000| PB 0x0000000706c00000| Untracked 
|  19|0x0000000706e00000, 0x0000000706eda6a0, 0x0000000707000000| 42%| S|CS|TAMS 0x0000000706e00000| PB 0x0000000706e00000| Complete 
|  20|0x0000000707000000, 0x0000000707200000, 0x0000000707200000|100%| S|CS|TAMS 0x0000000707000000| PB 0x0000000707000000| Complete 
|  21|0x0000000707200000, 0x0000000707400000, 0x0000000707400000|100%| S|CS|TAMS 0x0000000707200000| PB 0x0000000707200000| Complete 
|  22|0x0000000707400000, 0x0000000707400000, 0x0000000707600000|  0%| F|  |TAMS 0x0000000707400000| PB 0x0000000707400000| Untracked 
|  23|0x0000000707600000, 0x0000000707600000, 0x0000000707800000|  0%| F|  |TAMS 0x0000000707600000| PB 0x0000000707600000| Untracked 
|  24|0x0000000707800000, 0x0000000707800000, 0x0000000707a00000|  0%| F|  |TAMS 0x0000000707800000| PB 0x0000000707800000| Untracked 
|  25|0x0000000707a00000, 0x0000000707a00000, 0x0000000707c00000|  0%| F|  |TAMS 0x0000000707a00000| PB 0x0000000707a00000| Untracked 
|  26|0x0000000707c00000, 0x0000000707c00000, 0x0000000707e00000|  0%| F|  |TAMS 0x0000000707c00000| PB 0x0000000707c00000| Untracked 
|  27|0x0000000707e00000, 0x0000000707e00000, 0x0000000708000000|  0%| F|  |TAMS 0x0000000707e00000| PB 0x0000000707e00000| Untracked 
|  28|0x0000000708000000, 0x0000000708000000, 0x0000000708200000|  0%| F|  |TAMS 0x0000000708000000| PB 0x0000000708000000| Untracked 
|  29|0x0000000708200000, 0x0000000708200000, 0x0000000708400000|  0%| F|  |TAMS 0x0000000708200000| PB 0x0000000708200000| Untracked 
|  30|0x0000000708400000, 0x0000000708400000, 0x0000000708600000|  0%| F|  |TAMS 0x0000000708400000| PB 0x0000000708400000| Untracked 
|  31|0x0000000708600000, 0x0000000708600000, 0x0000000708800000|  0%| F|  |TAMS 0x0000000708600000| PB 0x0000000708600000| Untracked 
|  32|0x0000000708800000, 0x0000000708800000, 0x0000000708a00000|  0%| F|  |TAMS 0x0000000708800000| PB 0x0000000708800000| Untracked 
|  33|0x0000000708a00000, 0x0000000708a00000, 0x0000000708c00000|  0%| F|  |TAMS 0x0000000708a00000| PB 0x0000000708a00000| Untracked 
|  34|0x0000000708c00000, 0x0000000708c00000, 0x0000000708e00000|  0%| F|  |TAMS 0x0000000708c00000| PB 0x0000000708c00000| Untracked 
|  35|0x0000000708e00000, 0x0000000708e00000, 0x0000000709000000|  0%| F|  |TAMS 0x0000000708e00000| PB 0x0000000708e00000| Untracked 
|  36|0x0000000709000000, 0x0000000709000000, 0x0000000709200000|  0%| F|  |TAMS 0x0000000709000000| PB 0x0000000709000000| Untracked 
|  37|0x0000000709200000, 0x0000000709200000, 0x0000000709400000|  0%| F|  |TAMS 0x0000000709200000| PB 0x0000000709200000| Untracked 
|  38|0x0000000709400000, 0x0000000709400000, 0x0000000709600000|  0%| F|  |TAMS 0x0000000709400000| PB 0x0000000709400000| Untracked 
|  39|0x0000000709600000, 0x00000007096e6fb8, 0x0000000709800000| 45%| E|  |TAMS 0x0000000709600000| PB 0x0000000709600000| Complete 
|  95|0x0000000710600000, 0x0000000710800000, 0x0000000710800000|100%| E|CS|TAMS 0x0000000710600000| PB 0x0000000710600000| Complete 
|  96|0x0000000710800000, 0x0000000710a00000, 0x0000000710a00000|100%| E|CS|TAMS 0x0000000710800000| PB 0x0000000710800000| Complete 
|  97|0x0000000710a00000, 0x0000000710c00000, 0x0000000710c00000|100%| E|CS|TAMS 0x0000000710a00000| PB 0x0000000710a00000| Complete 
|  98|0x0000000710c00000, 0x0000000710e00000, 0x0000000710e00000|100%| E|CS|TAMS 0x0000000710c00000| PB 0x0000000710c00000| Complete 
| 125|0x0000000714200000, 0x0000000714400000, 0x0000000714400000|100%| E|CS|TAMS 0x0000000714200000| PB 0x0000000714200000| Complete 

Card table byte_map: [0x00000214f25f0000,0x00000214f2dd0000] _byte_map_base: 0x00000214eedcc000

Marking Bits: (CMBitMap*) 0x00000214e9187630
 Bits: [0x00000214f2dd0000, 0x00000214f6cb0000)

Polling page: 0x00000214e70c0000

Metaspace:

Usage:
  Non-class:     66.91 MB used.
      Class:     10.19 MB used.
       Both:     77.10 MB used.

Virtual space:
  Non-class space:      128.00 MB reserved,      67.31 MB ( 53%) committed,  2 nodes.
      Class space:        1.00 GB reserved,      10.62 MB (  1%) committed,  1 nodes.
             Both:        1.12 GB reserved,      77.94 MB (  7%) committed. 

Chunk freelists:
   Non-Class:  11.82 MB
       Class:  5.36 MB
        Both:  17.18 MB

MaxMetaspaceSize: unlimited
CompressedClassSpaceSize: 1.00 GB
Initial GC threshold: 21.00 MB
Current GC threshold: 129.62 MB
CDS: on
 - commit_granule_bytes: 65536.
 - commit_granule_words: 8192.
 - virtual_space_node_default_size: 8388608.
 - enlarge_chunks_in_place: 1.
 - use_allocation_guard: 0.


Internal statistics:

num_allocs_failed_limit: 15.
num_arena_births: 1088.
num_arena_deaths: 8.
num_vsnodes_births: 3.
num_vsnodes_deaths: 0.
num_space_committed: 1247.
num_space_uncommitted: 0.
num_chunks_returned_to_freelist: 23.
num_chunks_taken_from_freelist: 3929.
num_chunk_merges: 12.
num_chunk_splits: 2791.
num_chunks_enlarged: 2120.
num_inconsistent_stats: 0.

CodeHeap 'non-profiled nmethods': size=119168Kb used=5909Kb max_used=5921Kb free=113258Kb
 bounds [0x0000021487ba0000, 0x0000021488170000, 0x000002148f000000]
CodeHeap 'profiled nmethods': size=119104Kb used=15762Kb max_used=16103Kb free=103342Kb
 bounds [0x0000021480000000, 0x0000021480fc0000, 0x0000021487450000]
CodeHeap 'non-nmethods': size=7488Kb used=1724Kb max_used=3471Kb free=5763Kb
 bounds [0x0000021487450000, 0x00000214877c0000, 0x0000021487ba0000]
 total_blobs=8266 nmethods=7527 adapters=642
 compilation: enabled
              stopped_count=0, restarted_count=0
 full_count=0

Compilation events (20 events):
Event: 434.056 Thread 0x00000214f9d337a0 nmethod 11666 0x0000021488101310 code [0x00000214881014e0, 0x0000021488101860]
Event: 434.062 Thread 0x00000214f9d35600 11667       1       org.hibernate.internal.AbstractSharedSessionContract::getCacheTransactionSynchronization (5 bytes)
Event: 434.062 Thread 0x00000214f9d35600 nmethod 11667 0x0000021488101010 code [0x00000214881011a0, 0x0000021488101270]
Event: 434.068 Thread 0x00000214f9d35600 11668       1       org.hibernate.sql.exec.spi.JdbcOperationQuerySelect::getLimitParameter (5 bytes)
Event: 434.068 Thread 0x00000214f9d35600 nmethod 11668 0x0000021488100d10 code [0x0000021488100ea0, 0x0000021488100f70]
Event: 434.069 Thread 0x00000214f9d35600 11669       3       java.time.format.DateTimeFormatterBuilder$NumberPrinterParser::parse (609 bytes)
Event: 434.073 Thread 0x00000214f9d35600 nmethod 11669 0x0000021480460610 code [0x0000021480460a40, 0x00000214804629a0]
Event: 434.073 Thread 0x00000214f9d35600 11670       3       java.time.format.DateTimeFormatterBuilder$NumberPrinterParser::setValue (14 bytes)
Event: 434.073 Thread 0x00000214f9d35600 nmethod 11670 0x00000214805e3a10 code [0x00000214805e3bc0, 0x00000214805e3d10]
Event: 434.073 Thread 0x00000214f9d35600 11671       3       java.time.format.DateTimeParseContext::setParsedField (54 bytes)
Event: 434.074 Thread 0x00000214f9d35600 nmethod 11671 0x00000214809f2610 code [0x00000214809f2840, 0x00000214809f3258]
Event: 434.074 Thread 0x00000214f9d35600 11672       1       java.time.temporal.TemporalField::resolve (2 bytes)
Event: 434.075 Thread 0x00000214f9d35600 nmethod 11672 0x0000021488100a10 code [0x0000021488100ba0, 0x0000021488100c70]
Event: 434.084 Thread 0x00000214f9d337a0 11673       4       org.hibernate.sql.results.graph.basic.BasicResultAssembler::assemble (102 bytes)
Event: 434.087 Thread 0x00000214f9d35600 11675       3       org.springframework.http.MediaType::checkParameters (56 bytes)
Event: 434.089 Thread 0x00000214f9d35600 nmethod 11675 0x000002148039c110 code [0x000002148039c420, 0x000002148039d3e0]
Event: 434.090 Thread 0x00000214f9d35600 11676       3       org.springframework.web.context.request.async.WebAsyncUtils::getAsyncManager (50 bytes)
Event: 434.090 Thread 0x00000214f9d35600 nmethod 11676 0x00000214809a1a90 code [0x00000214809a1c80, 0x00000214809a2228]
Event: 434.090 Thread 0x00000214f9d35600 11677       3       org.springframework.web.context.request.async.StandardServletAsyncWebRequest::isAsyncStarted (25 bytes)
Event: 434.091 Thread 0x00000214f9d35600 nmethod 11677 0x00000214800d7910 code [0x00000214800d7ac0, 0x00000214800d7d40]

GC Heap History (20 events):
Event: 38.334 GC heap before
{Heap before GC invocations=14 (full 0):
 garbage-first heap   total 92160K, used 47184K [0x0000000704800000, 0x0000000800000000)
  region size 2048K, 13 young (26624K), 4 survivors (8192K)
 Metaspace       used 74076K, committed 74752K, reserved 1114112K
  class space    used 10208K, committed 10496K, reserved 1048576K
}
Event: 38.381 GC heap after
{Heap after GC invocations=15 (full 1):
 garbage-first heap   total 92160K, used 27619K [0x0000000704800000, 0x0000000800000000)
  region size 2048K, 0 young (0K), 0 survivors (0K)
 Metaspace       used 74076K, committed 74752K, reserved 1114112K
  class space    used 10208K, committed 10496K, reserved 1048576K
}
Event: 39.176 GC heap before
{Heap before GC invocations=15 (full 1):
 garbage-first heap   total 92160K, used 74723K [0x0000000704800000, 0x0000000800000000)
  region size 2048K, 24 young (49152K), 0 survivors (0K)
 Metaspace       used 74685K, committed 75456K, reserved 1114112K
  class space    used 10225K, committed 10560K, reserved 1048576K
}
Event: 39.181 GC heap after
{Heap after GC invocations=16 (full 1):
 garbage-first heap   total 92160K, used 32767K [0x0000000704800000, 0x0000000800000000)
  region size 2048K, 3 young (6144K), 3 survivors (6144K)
 Metaspace       used 74685K, committed 75456K, reserved 1114112K
  class space    used 10225K, committed 10560K, reserved 1048576K
}
Event: 76.458 GC heap before
{Heap before GC invocations=17 (full 1):
 garbage-first heap   total 92160K, used 43007K [0x0000000704800000, 0x0000000800000000)
  region size 2048K, 9 young (18432K), 3 survivors (6144K)
 Metaspace       used 75371K, committed 76096K, reserved 1179648K
  class space    used 10283K, committed 10624K, reserved 1048576K
}
Event: 76.519 GC heap after
{Heap after GC invocations=18 (full 2):
 garbage-first heap   total 92160K, used 27876K [0x0000000704800000, 0x0000000800000000)
  region size 2048K, 0 young (0K), 0 survivors (0K)
 Metaspace       used 75368K, committed 76096K, reserved 1179648K
  class space    used 10283K, committed 10624K, reserved 1048576K
}
Event: 77.497 GC heap before
{Heap before GC invocations=18 (full 2):
 garbage-first heap   total 92160K, used 74980K [0x0000000704800000, 0x0000000800000000)
  region size 2048K, 24 young (49152K), 0 survivors (0K)
 Metaspace       used 75935K, committed 76736K, reserved 1179648K
  class space    used 10301K, committed 10688K, reserved 1048576K
}
Event: 77.501 GC heap after
{Heap after GC invocations=19 (full 2):
 garbage-first heap   total 92160K, used 32989K [0x0000000704800000, 0x0000000800000000)
  region size 2048K, 3 young (6144K), 3 survivors (6144K)
 Metaspace       used 75935K, committed 76736K, reserved 1179648K
  class space    used 10301K, committed 10688K, reserved 1048576K
}
Event: 132.979 GC heap before
{Heap before GC invocations=20 (full 2):
 garbage-first heap   total 92160K, used 43229K [0x0000000704800000, 0x0000000800000000)
  region size 2048K, 9 young (18432K), 3 survivors (6144K)
 Metaspace       used 76834K, committed 77632K, reserved 1179648K
  class space    used 10378K, committed 10752K, reserved 1048576K
}
Event: 133.025 GC heap after
{Heap after GC invocations=21 (full 3):
 garbage-first heap   total 92160K, used 28207K [0x0000000704800000, 0x0000000800000000)
  region size 2048K, 0 young (0K), 0 survivors (0K)
 Metaspace       used 76831K, committed 77632K, reserved 1179648K
  class space    used 10378K, committed 10752K, reserved 1048576K
}
Event: 133.692 GC heap before
{Heap before GC invocations=21 (full 3):
 garbage-first heap   total 92160K, used 73263K [0x0000000704800000, 0x0000000800000000)
  region size 2048K, 23 young (47104K), 0 survivors (0K)
 Metaspace       used 77294K, committed 78080K, reserved 1179648K
  class space    used 10391K, committed 10752K, reserved 1048576K
}
Event: 133.695 GC heap after
{Heap after GC invocations=22 (full 3):
 garbage-first heap   total 92160K, used 33065K [0x0000000704800000, 0x0000000800000000)
  region size 2048K, 3 young (6144K), 3 survivors (6144K)
 Metaspace       used 77294K, committed 78080K, reserved 1179648K
  class space    used 10391K, committed 10752K, reserved 1048576K
}
Event: 162.719 GC heap before
{Heap before GC invocations=23 (full 3):
 garbage-first heap   total 92160K, used 41257K [0x0000000704800000, 0x0000000800000000)
  region size 2048K, 8 young (16384K), 3 survivors (6144K)
 Metaspace       used 77379K, committed 78144K, reserved 1179648K
  class space    used 10392K, committed 10752K, reserved 1048576K
}
Event: 162.760 GC heap after
{Heap after GC invocations=24 (full 4):
 garbage-first heap   total 92160K, used 28372K [0x0000000704800000, 0x0000000800000000)
  region size 2048K, 0 young (0K), 0 survivors (0K)
 Metaspace       used 77376K, committed 78144K, reserved 1179648K
  class space    used 10391K, committed 10752K, reserved 1048576K
}
Event: 163.299 GC heap before
{Heap before GC invocations=24 (full 4):
 garbage-first heap   total 92160K, used 73428K [0x0000000704800000, 0x0000000800000000)
  region size 2048K, 23 young (47104K), 0 survivors (0K)
 Metaspace       used 77698K, committed 78528K, reserved 1179648K
  class space    used 10406K, committed 10816K, reserved 1048576K
}
Event: 163.303 GC heap after
{Heap after GC invocations=25 (full 4):
 garbage-first heap   total 92160K, used 33054K [0x0000000704800000, 0x0000000800000000)
  region size 2048K, 3 young (6144K), 3 survivors (6144K)
 Metaspace       used 77698K, committed 78528K, reserved 1179648K
  class space    used 10406K, committed 10816K, reserved 1048576K
}
Event: 408.164 GC heap before
{Heap before GC invocations=26 (full 4):
 garbage-first heap   total 92160K, used 55582K [0x0000000704800000, 0x0000000800000000)
  region size 2048K, 15 young (30720K), 3 survivors (6144K)
 Metaspace       used 78453K, committed 79296K, reserved 1179648K
  class space    used 10414K, committed 10816K, reserved 1048576K
}
Event: 408.257 GC heap after
{Heap after GC invocations=27 (full 5):
 garbage-first heap   total 92160K, used 28588K [0x0000000704800000, 0x0000000800000000)
  region size 2048K, 0 young (0K), 0 survivors (0K)
 Metaspace       used 78450K, committed 79296K, reserved 1179648K
  class space    used 10414K, committed 10816K, reserved 1048576K
}
Event: 418.971 GC heap before
{Heap before GC invocations=27 (full 5):
 garbage-first heap   total 92160K, used 73644K [0x0000000704800000, 0x0000000800000000)
  region size 2048K, 23 young (47104K), 0 survivors (0K)
 Metaspace       used 78818K, committed 79616K, reserved 1179648K
  class space    used 10432K, committed 10816K, reserved 1048576K
}
Event: 418.976 GC heap after
{Heap after GC invocations=28 (full 5):
 garbage-first heap   total 92160K, used 33558K [0x0000000704800000, 0x0000000800000000)
  region size 2048K, 3 young (6144K), 3 survivors (6144K)
 Metaspace       used 78818K, committed 79616K, reserved 1179648K
  class space    used 10432K, committed 10816K, reserved 1048576K
}

Dll operation events (11 events):
Event: 0.006 Loaded shared library C:\Program Files\Java\jdk-21\bin\java.dll
Event: 0.031 Loaded shared library C:\Program Files\Java\jdk-21\bin\jsvml.dll
Event: 0.070 Loaded shared library C:\Program Files\Java\jdk-21\bin\net.dll
Event: 0.072 Loaded shared library C:\Program Files\Java\jdk-21\bin\nio.dll
Event: 0.073 Loaded shared library C:\Program Files\Java\jdk-21\bin\zip.dll
Event: 0.170 Loaded shared library C:\Program Files\Java\jdk-21\bin\jimage.dll
Event: 0.413 Loaded shared library C:\Program Files\Java\jdk-21\bin\management.dll
Event: 0.417 Loaded shared library C:\Program Files\Java\jdk-21\bin\management_ext.dll
Event: 1.403 Loaded shared library C:\Program Files\Java\jdk-21\bin\sunmscapi.dll
Event: 4.428 Loaded shared library C:\Program Files\Java\jdk-21\bin\verify.dll
Event: 4.799 Loaded shared library C:\Program Files\Java\jdk-21\bin\extnet.dll

Deoptimization events (20 events):
Event: 408.568 Thread 0x00000214d0119070 Uncommon trap: trap_request=0xffffffd6 fr.pc=0x0000021487be1c1c relative=0x000000000000043c
Event: 408.568 Thread 0x00000214d0119070 Uncommon trap: reason=array_check action=maybe_recompile pc=0x0000021487be1c1c method=java.util.AbstractCollection.toArray([Ljava/lang/Object;)[Ljava/lang/Object; @ 116 c2
Event: 408.568 Thread 0x00000214d0119070 DEOPT PACKING pc=0x0000021487be1c1c sp=0x0000008f454fddf0
Event: 408.568 Thread 0x00000214d0119070 DEOPT UNPACKING pc=0x00000214874a46a2 sp=0x0000008f454fdd90 mode 2
Event: 408.570 Thread 0x00000214d0119070 Uncommon trap: trap_request=0xffffffd6 fr.pc=0x0000021487be1c1c relative=0x000000000000043c
Event: 408.570 Thread 0x00000214d0119070 Uncommon trap: reason=array_check action=maybe_recompile pc=0x0000021487be1c1c method=java.util.AbstractCollection.toArray([Ljava/lang/Object;)[Ljava/lang/Object; @ 116 c2
Event: 408.570 Thread 0x00000214d0119070 DEOPT PACKING pc=0x0000021487be1c1c sp=0x0000008f454fdf90
Event: 408.570 Thread 0x00000214d0119070 DEOPT UNPACKING pc=0x00000214874a46a2 sp=0x0000008f454fdf30 mode 2
Event: 408.570 Thread 0x00000214d0119070 Uncommon trap: trap_request=0xffffffd6 fr.pc=0x0000021487be1c1c relative=0x000000000000043c
Event: 408.570 Thread 0x00000214d0119070 Uncommon trap: reason=array_check action=maybe_recompile pc=0x0000021487be1c1c method=java.util.AbstractCollection.toArray([Ljava/lang/Object;)[Ljava/lang/Object; @ 116 c2
Event: 408.570 Thread 0x00000214d0119070 DEOPT PACKING pc=0x0000021487be1c1c sp=0x0000008f454fdee0
Event: 408.570 Thread 0x00000214d0119070 DEOPT UNPACKING pc=0x00000214874a46a2 sp=0x0000008f454fde80 mode 2
Event: 408.570 Thread 0x00000214d0119070 Uncommon trap: trap_request=0xffffffd6 fr.pc=0x0000021487be1c1c relative=0x000000000000043c
Event: 408.570 Thread 0x00000214d0119070 Uncommon trap: reason=array_check action=maybe_recompile pc=0x0000021487be1c1c method=java.util.AbstractCollection.toArray([Ljava/lang/Object;)[Ljava/lang/Object; @ 116 c2
Event: 408.570 Thread 0x00000214d0119070 DEOPT PACKING pc=0x0000021487be1c1c sp=0x0000008f454fdf50
Event: 408.570 Thread 0x00000214d0119070 DEOPT UNPACKING pc=0x00000214874a46a2 sp=0x0000008f454fdef0 mode 2
Event: 408.863 Thread 0x00000214d0119070 DEOPT PACKING pc=0x0000021480b11f6b sp=0x0000008f454fd790
Event: 408.863 Thread 0x00000214d0119070 DEOPT UNPACKING pc=0x00000214874a4e42 sp=0x0000008f454fcc78 mode 0
Event: 409.086 Thread 0x00000214d0119070 DEOPT PACKING pc=0x00000214801c767e sp=0x0000008f454fd2f0
Event: 409.086 Thread 0x00000214d0119070 DEOPT UNPACKING pc=0x00000214874a4e42 sp=0x0000008f454fc870 mode 0

Classes loaded (20 events):
Event: 45.143 Loading class java/lang/ProcessImpl
Event: 45.143 Loading class java/lang/ProcessImpl done
Event: 45.153 Loading class java/lang/ProcessImpl$2
Event: 45.153 Loading class java/lang/ProcessImpl$2 done
Event: 45.154 Loading class java/lang/ProcessBuilder$NullOutputStream
Event: 45.154 Loading class java/lang/ProcessBuilder$NullOutputStream done
Event: 45.154 Loading class java/lang/ProcessBuilder$NullInputStream
Event: 45.154 Loading class java/lang/ProcessBuilder$NullInputStream done
Event: 45.154 Loading class jdk/internal/event/ProcessStartEvent
Event: 45.154 Loading class jdk/internal/event/ProcessStartEvent done
Event: 76.443 Loading class sun/net/ConnectionResetException
Event: 76.443 Loading class sun/net/ConnectionResetException done
Event: 78.410 Loading class java/util/stream/LongStream
Event: 78.410 Loading class java/util/stream/LongStream done
Event: 78.410 Loading class java/util/stream/DoubleStream
Event: 78.410 Loading class java/util/stream/DoubleStream done
Event: 78.428 Loading class org/w3c/dom/Node
Event: 78.428 Loading class org/w3c/dom/Node done
Event: 78.428 Loading class org/w3c/dom/Document
Event: 78.428 Loading class org/w3c/dom/Document done

Classes unloaded (4 events):
Event: 76.474 Thread 0x00000214f9d05a50 Unloading class 0x0000021490a3c000 'org/apache/catalina/loader/JdbcLeakPrevention'
Event: 132.992 Thread 0x00000214f9d05a50 Unloading class 0x0000021490a40c00 'org/apache/catalina/loader/JdbcLeakPrevention'
Event: 162.729 Thread 0x00000214f9d05a50 Unloading class 0x0000021490a88000 'org/apache/catalina/loader/JdbcLeakPrevention'
Event: 408.188 Thread 0x00000214f9d05a50 Unloading class 0x0000021490a8a800 'org/apache/catalina/loader/JdbcLeakPrevention'

Classes redefined (0 events):
No events

Internal exceptions (20 events):
Event: 163.052 Thread 0x00000214fe2dc730 Exception <a 'java/lang/NoClassDefFoundError'{0x0000000708dd26f8}: liquibase/integration/spring/SpringLiquibase> (0x0000000708dd26f8) 
thrown [s\open\src\hotspot\share\oops\constantPool.cpp, line 873]
Event: 163.053 Thread 0x00000214fe2dc730 Exception <a 'java/lang/NoClassDefFoundError'{0x0000000708df7428}: org/jooq/DSLContext> (0x0000000708df7428) 
thrown [s\open\src\hotspot\share\oops\constantPool.cpp, line 873]
Event: 163.054 Thread 0x00000214fe2dc730 Exception <a 'java/lang/NoClassDefFoundError'{0x0000000708a2ffb8}: org/springframework/batch/core/repository/JobRepository> (0x0000000708a2ffb8) 
thrown [s\open\src\hotspot\share\oops\constantPool.cpp, line 873]
Event: 163.054 Thread 0x00000214fe2dc730 Exception <a 'java/lang/NoClassDefFoundError'{0x0000000708a30610}: org/quartz/Scheduler> (0x0000000708a30610) 
thrown [s\open\src\hotspot\share\oops\constantPool.cpp, line 873]
Event: 163.054 Thread 0x00000214fe2dc730 Exception <a 'java/lang/NoClassDefFoundError'{0x0000000708a30c90}: org/springframework/session/jdbc/JdbcIndexedSessionRepository> (0x0000000708a30c90) 
thrown [s\open\src\hotspot\share\oops\constantPool.cpp, line 873]
Event: 163.100 Thread 0x00000214fe2dc730 Exception <a 'java/io/FileNotFoundException'{0x000000070874bca8}> (0x000000070874bca8) 
thrown [s\open\src\hotspot\share\prims\jni.cpp, line 520]
Event: 163.123 Thread 0x00000214fe2dc730 Exception <a 'java/io/FileNotFoundException'{0x00000007084fc360}> (0x00000007084fc360) 
thrown [s\open\src\hotspot\share\prims\jni.cpp, line 520]
Event: 172.072 Thread 0x00000214fe2db380 Implicit null exception at 0x0000021487d2648b to 0x0000021487d26638
Event: 360.579 Thread 0x00000214fe2dcdc0 Exception <a 'java/io/IOException'{0x0000000708c32fa8}> (0x0000000708c32fa8) 
thrown [s\open\src\hotspot\share\prims\jni.cpp, line 520]
Event: 360.581 Thread 0x00000214d011aab0 Exception <a 'java/io/IOException'{0x0000000708c39298}> (0x0000000708c39298) 
thrown [s\open\src\hotspot\share\prims\jni.cpp, line 520]
Event: 408.163 Thread 0x00000214fe2dfbb0 Exception <a 'java/lang/InterruptedException'{0x0000000708a80958}: sleep interrupted> (0x0000000708a80958) 
thrown [s\open\src\hotspot\share\prims\jvm.cpp, line 3074]
Event: 408.277 Thread 0x00000214d0119070 Exception <a 'sun/nio/fs/WindowsException'{0x00000007142678d8}> (0x00000007142678d8) 
thrown [s\open\src\hotspot\share\prims\jni.cpp, line 520]
Event: 408.969 Thread 0x00000214d0119070 Exception <a 'java/lang/NoClassDefFoundError'{0x0000000708dac4e0}: org/flywaydb/core/Flyway> (0x0000000708dac4e0) 
thrown [s\open\src\hotspot\share\oops\constantPool.cpp, line 873]
Event: 408.969 Thread 0x00000214d0119070 Exception <a 'java/lang/NoClassDefFoundError'{0x0000000708dacb40}: liquibase/integration/spring/SpringLiquibase> (0x0000000708dacb40) 
thrown [s\open\src\hotspot\share\oops\constantPool.cpp, line 873]
Event: 408.973 Thread 0x00000214d0119070 Exception <a 'java/lang/NoClassDefFoundError'{0x0000000708dd1628}: org/jooq/DSLContext> (0x0000000708dd1628) 
thrown [s\open\src\hotspot\share\oops\constantPool.cpp, line 873]
Event: 408.976 Thread 0x00000214d0119070 Exception <a 'java/lang/NoClassDefFoundError'{0x0000000708a0a950}: org/springframework/batch/core/repository/JobRepository> (0x0000000708a0a950) 
thrown [s\open\src\hotspot\share\oops\constantPool.cpp, line 873]
Event: 408.976 Thread 0x00000214d0119070 Exception <a 'java/lang/NoClassDefFoundError'{0x0000000708a0afa8}: org/quartz/Scheduler> (0x0000000708a0afa8) 
thrown [s\open\src\hotspot\share\oops\constantPool.cpp, line 873]
Event: 408.976 Thread 0x00000214d0119070 Exception <a 'java/lang/NoClassDefFoundError'{0x0000000708a0b628}: org/springframework/session/jdbc/JdbcIndexedSessionRepository> (0x0000000708a0b628) 
thrown [s\open\src\hotspot\share\oops\constantPool.cpp, line 873]
Event: 409.070 Thread 0x00000214d0119070 Exception <a 'java/io/FileNotFoundException'{0x0000000708720fe8}> (0x0000000708720fe8) 
thrown [s\open\src\hotspot\share\prims\jni.cpp, line 520]
Event: 409.114 Thread 0x00000214d0119070 Exception <a 'java/io/FileNotFoundException'{0x00000007084d17c0}> (0x00000007084d17c0) 
thrown [s\open\src\hotspot\share\prims\jni.cpp, line 520]

ZGC Phase Switch (0 events):
No events

VM Operations (20 events):
Event: 408.164 Executing VM operation: G1CollectFull (System.gc())
Event: 408.257 Executing VM operation: G1CollectFull (System.gc()) done
Event: 409.259 Executing VM operation: Cleanup
Event: 418.617 Executing VM operation: Cleanup done
Event: 418.971 Executing VM operation: G1CollectForAllocation (G1 Evacuation Pause)
Event: 418.976 Executing VM operation: G1CollectForAllocation (G1 Evacuation Pause) done
Event: 419.015 Executing VM operation: G1PauseRemark
Event: 419.022 Executing VM operation: G1PauseRemark done
Event: 419.034 Executing VM operation: G1PauseCleanup
Event: 419.034 Executing VM operation: G1PauseCleanup done
Event: 420.048 Executing VM operation: Cleanup
Event: 420.048 Executing VM operation: Cleanup done
Event: 420.734 Executing VM operation: HandshakeAllThreads (HandshakeForDeflation)
Event: 420.734 Executing VM operation: HandshakeAllThreads (HandshakeForDeflation) done
Event: 420.734 Executing VM operation: RendezvousGCThreads
Event: 420.734 Executing VM operation: RendezvousGCThreads done
Event: 432.825 Executing VM operation: Cleanup
Event: 432.825 Executing VM operation: Cleanup done
Event: 433.838 Executing VM operation: Cleanup
Event: 433.838 Executing VM operation: Cleanup done

Events (20 events):
Event: 419.020 Thread 0x00000214f9d05a50 flushing nmethod 0x0000021480ce6f10
Event: 419.020 Thread 0x00000214f9d05a50 flushing nmethod 0x0000021480d3ef90
Event: 419.111 Thread 0x00000214d0114ed0 Thread added: 0x00000214d0114ed0
Event: 419.122 Thread 0x00000214d0115560 Thread added: 0x00000214d0115560
Event: 419.123 Thread 0x00000214fe2db380 Thread added: 0x00000214fe2db380
Event: 419.123 Thread 0x00000214fe2df520 Thread added: 0x00000214fe2df520
Event: 419.123 Thread 0x00000214fe2de800 Thread added: 0x00000214fe2de800
Event: 419.123 Thread 0x00000214fe2dcdc0 Thread added: 0x00000214fe2dcdc0
Event: 419.124 Thread 0x00000214fe2de170 Thread added: 0x00000214fe2de170
Event: 419.124 Thread 0x00000214fe2dee90 Thread added: 0x00000214fe2dee90
Event: 419.124 Thread 0x00000214fe2dc0a0 Thread added: 0x00000214fe2dc0a0
Event: 419.124 Thread 0x00000214fe2e0240 Thread added: 0x00000214fe2e0240
Event: 419.124 Thread 0x00000214fe2dfbb0 Thread added: 0x00000214fe2dfbb0
Event: 419.128 Thread 0x00000214fe2dc730 Thread added: 0x00000214fe2dc730
Event: 419.128 Thread 0x00000214fe2e08d0 Thread added: 0x00000214fe2e08d0
Event: 419.139 Thread 0x00000214d0119070 Thread exited: 0x00000214d0119070
Event: 419.139 Thread 0x00000214d0119d90 Thread exited: 0x00000214d0119d90
Event: 419.208 Thread 0x00000214d098bfc0 Thread exited: 0x00000214d098bfc0
Event: 424.200 Thread 0x00000214d011b7d0 Thread exited: 0x00000214d011b7d0
Event: 424.230 Thread 0x00000214d098ef70 Thread exited: 0x00000214d098ef70


Dynamic libraries:
0x00007ff76e150000 - 0x00007ff76e160000 	C:\Program Files\Java\jdk-21\bin\javaw.exe
0x00007ffc75f30000 - 0x00007ffc76147000 	C:\WINDOWS\SYSTEM32\ntdll.dll
0x00007ffc75c10000 - 0x00007ffc75cd4000 	C:\WINDOWS\System32\KERNEL32.DLL
0x00007ffc732b0000 - 0x00007ffc73682000 	C:\WINDOWS\System32\KERNELBASE.dll
0x00007ffc73020000 - 0x00007ffc73131000 	C:\WINDOWS\System32\ucrtbase.dll
0x00007ffc62230000 - 0x00007ffc6224b000 	C:\Program Files\Java\jdk-21\bin\VCRUNTIME140.dll
0x00007ffc60660000 - 0x00007ffc60679000 	C:\Program Files\Java\jdk-21\bin\jli.dll
0x00007ffc756d0000 - 0x00007ffc75781000 	C:\WINDOWS\System32\ADVAPI32.dll
0x00007ffc73f50000 - 0x00007ffc73ff7000 	C:\WINDOWS\System32\msvcrt.dll
0x00007ffc73c00000 - 0x00007ffc73ca8000 	C:\WINDOWS\System32\sechost.dll
0x00007ffc73b90000 - 0x00007ffc73bb8000 	C:\WINDOWS\System32\bcrypt.dll
0x00007ffc755b0000 - 0x00007ffc756c4000 	C:\WINDOWS\System32\RPCRT4.dll
0x00007ffc74d80000 - 0x00007ffc74f31000 	C:\WINDOWS\System32\USER32.dll
0x00007ffc542a0000 - 0x00007ffc5453b000 	C:\WINDOWS\WinSxS\amd64_microsoft.windows.common-controls_6595b64144ccf1df_6.0.22621.5415_none_270d77d17387d7da\COMCTL32.dll
0x00007ffc738e0000 - 0x00007ffc73906000 	C:\WINDOWS\System32\win32u.dll
0x00007ffc74f40000 - 0x00007ffc74f69000 	C:\WINDOWS\System32\GDI32.dll
0x00007ffc73710000 - 0x00007ffc73833000 	C:\WINDOWS\System32\gdi32full.dll
0x00007ffc73840000 - 0x00007ffc738da000 	C:\WINDOWS\System32\msvcp_win.dll
0x00007ffc67700000 - 0x00007ffc6770a000 	C:\WINDOWS\SYSTEM32\VERSION.dll
0x00007ffc73bc0000 - 0x00007ffc73bf1000 	C:\WINDOWS\System32\IMM32.DLL
0x00007ffc62220000 - 0x00007ffc6222c000 	C:\Program Files\Java\jdk-21\bin\vcruntime140_1.dll
0x00007ffc549b0000 - 0x00007ffc54a3e000 	C:\Program Files\Java\jdk-21\bin\msvcp140.dll
0x00007ffbec110000 - 0x00007ffbece23000 	C:\Program Files\Java\jdk-21\bin\server\jvm.dll
0x00007ffc73ed0000 - 0x00007ffc73f41000 	C:\WINDOWS\System32\WS2_32.dll
0x00007ffc71e70000 - 0x00007ffc71ebd000 	C:\WINDOWS\SYSTEM32\POWRPROF.dll
0x00007ffc68d90000 - 0x00007ffc68dc4000 	C:\WINDOWS\SYSTEM32\WINMM.dll
0x00007ffc71e50000 - 0x00007ffc71e63000 	C:\WINDOWS\SYSTEM32\UMPDC.dll
0x00007ffc72110000 - 0x00007ffc72128000 	C:\WINDOWS\SYSTEM32\kernel.appcore.dll
0x00007ffc3bf10000 - 0x00007ffc3bf1a000 	C:\Program Files\Java\jdk-21\bin\jimage.dll
0x00007ffc709f0000 - 0x00007ffc70c23000 	C:\WINDOWS\SYSTEM32\DBGHELP.DLL
0x00007ffc75110000 - 0x00007ffc754a3000 	C:\WINDOWS\System32\combase.dll
0x00007ffc73d20000 - 0x00007ffc73df7000 	C:\WINDOWS\System32\OLEAUT32.dll
0x00007ffc631d0000 - 0x00007ffc63202000 	C:\WINDOWS\SYSTEM32\dbgcore.DLL
0x00007ffc73b10000 - 0x00007ffc73b8b000 	C:\WINDOWS\System32\bcryptPrimitives.dll
0x00007ffbf9220000 - 0x00007ffbf923f000 	C:\Program Files\Java\jdk-21\bin\java.dll
0x00007ffc74090000 - 0x00007ffc74932000 	C:\WINDOWS\System32\SHELL32.dll
0x00007ffc739d0000 - 0x00007ffc73b0f000 	C:\WINDOWS\System32\wintypes.dll
0x00007ffc70ef0000 - 0x00007ffc7180e000 	C:\WINDOWS\SYSTEM32\windows.storage.dll
0x00007ffc75da0000 - 0x00007ffc75eab000 	C:\WINDOWS\System32\SHCORE.dll
0x00007ffc754b0000 - 0x00007ffc75519000 	C:\WINDOWS\System32\shlwapi.dll
0x00007ffc72f50000 - 0x00007ffc72f7b000 	C:\WINDOWS\SYSTEM32\profapi.dll
0x00007ffbebed0000 - 0x00007ffbebfa7000 	C:\Program Files\Java\jdk-21\bin\jsvml.dll
0x00007ffc02620000 - 0x00007ffc02630000 	C:\Program Files\Java\jdk-21\bin\net.dll
0x00007ffc6ec80000 - 0x00007ffc6edac000 	C:\WINDOWS\SYSTEM32\WINHTTP.dll
0x00007ffc725a0000 - 0x00007ffc72609000 	C:\WINDOWS\system32\mswsock.dll
0x00007ffbf9200000 - 0x00007ffbf9216000 	C:\Program Files\Java\jdk-21\bin\nio.dll
0x00007ffbf18c0000 - 0x00007ffbf18d8000 	C:\Program Files\Java\jdk-21\bin\zip.dll
0x00007ffc60590000 - 0x00007ffc6059a000 	C:\Program Files\Java\jdk-21\bin\management.dll
0x00007ffc60580000 - 0x00007ffc6058b000 	C:\Program Files\Java\jdk-21\bin\management_ext.dll
0x00007ffc73cb0000 - 0x00007ffc73cb8000 	C:\WINDOWS\System32\PSAPI.DLL
0x00007ffc63530000 - 0x00007ffc6353e000 	C:\Program Files\Java\jdk-21\bin\sunmscapi.dll
0x00007ffc73140000 - 0x00007ffc732a7000 	C:\WINDOWS\System32\CRYPT32.dll
0x00007ffc729d0000 - 0x00007ffc729fd000 	C:\WINDOWS\SYSTEM32\ncrypt.dll
0x00007ffc72990000 - 0x00007ffc729c7000 	C:\WINDOWS\SYSTEM32\NTASN1.dll
0x00007ffc72810000 - 0x00007ffc7282b000 	C:\WINDOWS\SYSTEM32\CRYPTSP.dll
0x00007ffc72070000 - 0x00007ffc720a7000 	C:\WINDOWS\system32\rsaenh.dll
0x00007ffc726b0000 - 0x00007ffc726d8000 	C:\WINDOWS\SYSTEM32\USERENV.dll
0x00007ffc72830000 - 0x00007ffc7283c000 	C:\WINDOWS\SYSTEM32\CRYPTBASE.dll
0x00007ffc71b40000 - 0x00007ffc71b6d000 	C:\WINDOWS\SYSTEM32\IPHLPAPI.DLL
0x00007ffc74000000 - 0x00007ffc74009000 	C:\WINDOWS\System32\NSI.dll
0x00007ffc63540000 - 0x00007ffc63550000 	C:\Program Files\Java\jdk-21\bin\verify.dll
0x00007ffc71b70000 - 0x00007ffc71c68000 	C:\WINDOWS\SYSTEM32\DNSAPI.dll
0x00007ffc6b370000 - 0x00007ffc6b37a000 	C:\Windows\System32\rasadhlp.dll
0x00007ffc68ff0000 - 0x00007ffc69074000 	C:\WINDOWS\System32\fwpuclnt.dll
0x00007ffc60b80000 - 0x00007ffc60b89000 	C:\Program Files\Java\jdk-21\bin\extnet.dll
0x00007ffc4aa10000 - 0x00007ffc4aa18000 	C:\WINDOWS\system32\wshunix.dll

dbghelp: loaded successfully - version: 4.0.5 - missing functions: none
symbol engine: initialized successfully - sym options: 0x614 - pdb path: .;C:\Program Files\Java\jdk-21\bin;C:\WINDOWS\SYSTEM32;C:\WINDOWS\WinSxS\amd64_microsoft.windows.common-controls_6595b64144ccf1df_6.0.22621.5415_none_270d77d17387d7da;C:\Program Files\Java\jdk-21\bin\server

VM Arguments:
jvm_args: -Dfile.encoding=UTF-8 -Dstdout.encoding=UTF-8 -Dstderr.encoding=UTF-8 -XX:+ShowCodeDetailsInExceptionMessages 
java_command: com.sasikumar.DogecoinPriceForecasting.DogecoinPriceForecastingApplication
java_class_path (initial): C:\Users\itssk\Downloads\DogecoinPriceForecasting\target\classes;C:\Users\itssk\.m2\repository\org\springframework\boot\spring-boot-starter-data-jpa\3.5.0\spring-boot-starter-data-jpa-3.5.0.jar;C:\Users\itssk\.m2\repository\org\springframework\boot\spring-boot-starter\3.5.0\spring-boot-starter-3.5.0.jar;C:\Users\itssk\.m2\repository\org\springframework\boot\spring-boot-starter-logging\3.5.0\spring-boot-starter-logging-3.5.0.jar;C:\Users\itssk\.m2\repository\ch\qos\logback\logback-classic\1.5.18\logback-classic-1.5.18.jar;C:\Users\itssk\.m2\repository\ch\qos\logback\logback-core\1.5.18\logback-core-1.5.18.jar;C:\Users\itssk\.m2\repository\org\apache\logging\log4j\log4j-to-slf4j\2.24.3\log4j-to-slf4j-2.24.3.jar;C:\Users\itssk\.m2\repository\org\apache\logging\log4j\log4j-api\2.24.3\log4j-api-2.24.3.jar;C:\Users\itssk\.m2\repository\org\slf4j\jul-to-slf4j\2.0.17\jul-to-slf4j-2.0.17.jar;C:\Users\itssk\.m2\repository\jakarta\annotation\jakarta.annotation-api\2.1.1\jakarta.annotation-api-2.1.1.jar;C:\Users\itssk\.m2\repository\org\yaml\snakeyaml\2.4\snakeyaml-2.4.jar;C:\Users\itssk\.m2\repository\org\springframework\boot\spring-boot-starter-jdbc\3.5.0\spring-boot-starter-jdbc-3.5.0.jar;C:\Users\itssk\.m2\repository\com\zaxxer\HikariCP\6.3.0\HikariCP-6.3.0.jar;C:\Users\itssk\.m2\repository\org\springframework\spring-jdbc\6.2.7\spring-jdbc-6.2.7.jar;C:\Users\itssk\.m2\repository\org\hibernate\orm\hibernate-core\6.6.15.Final\hibernate-core-6.6.15.Final.jar;C:\Users\itssk\.m2\repository\jakarta\persistence\jakarta.persistence-api\3.1.0\jakarta.persistence-api-3.1.0.jar;C:\Users\itssk\.m2\repository\jakarta\transaction\jakarta.transaction-api\2.0.1\jakarta.transaction-api-2.0.1.jar;C:\Users\itssk\.m2\repository\org\jboss\logging\jboss-logging\3.6.1.Final\jboss-logging-3.6.1.Final.jar;C:\Users\itssk\.m2\repository\org\hibernate\common\hibernate-commons-annotations\7.0.3.Final\hibernate-commons-annotations-7.0.3.Final.jar;C:\Users\itssk\.m2\repository\io\smallrye\jandex\3.2.0\jandex-3.2.0.jar;C:\Users\itssk\.m2\repository\com\fasterxml\classmate\1.7.0\classmate-1.7.0.jar;C:\Users\itssk\.m2\repository\net\bytebuddy\byte-buddy\1.17.5\byte-buddy-1.17.5.jar;C:\Users\itssk\.m2\repository\org\glassfish\jaxb\jaxb-runtime\4.0.5\jaxb-runtime-4.0.5.jar;C:\Users\itssk\.m2\repository\org\glassfish\jaxb\jaxb-core\4.0.5\jaxb-core-4.0.5.jar;C:\Users\itssk\.m2\repository\org\eclipse\angus\angus-activation\2.0.2\angus-activation-2.0.2.jar;C:\Users\itssk\.m2\repository\org\glassfish\jaxb\txw2\4.0.5\txw2-4.0.5.jar;C:\Users\itssk\.m2\repository\com\sun\istack\istack-commons-runtime\4.1.2\istack-commons-runtime-4.1.2.jar;C:\Users\itssk\.m2\repository\jakarta\inject\jakarta.inject-api\2.0.1\jakarta.inject-api-2.0.1.jar;C:\Users\itssk\.m2\repository\org\antlr\antlr4-runtime\4.13.0\antlr4-runtime-4.13.0.jar;C:\Users\itssk\.m2\repository\org\springframework\data\spring-data-jpa\3.5.0\spring-data-jpa-3.5.0.jar;C:\Users\itssk\.m2\repository\org\springframework\data\spring-data-commons\3.5.0\spring-data-commons-3.5.0.jar;C:\Users\itssk\.m2\repository\org\springframework\spring-orm\6.2.7\spring-orm-6.2.7.jar;C:\Users\itssk\.m2\repository\org\springframework\spring-context\6.2.7\spring-context-6.2.7.jar;C:\Users\itssk\.m2\repository\org\springframework\spring-aop\6.2.7\spring-aop-6.2.7.jar;C:\Users\itssk\.m2\repository\org\springframework\spring-tx\6.2.7\spring-tx-6.2.7.jar;C:\Users\itssk\.m2\repository\org\springframework\spring-beans\6.2.7\spring-beans-6.2.7.jar;C:\Users\itssk\.m2\repository\org\slf4j\slf4j-api\2.0.17\slf4j-api-2.0.17.jar;C:\Users\itssk\.m2\repository\org\springframework\spring-aspects\6.2.7\spring-aspects-6.2.7.jar;C:\Users\itssk\.m2\repository\org\aspectj\aspectjweaver\1.9.24\aspectjweaver-1.9.24.jar;C:\Users\itssk\.m2\repository\com\mysql\mysql-connector-j\9.2.0\mysql-connector-j-9.2.0.jar;C:\Users\itssk\.m2\repository\org\springframework\boot\spring-boot-starter-web\3.5.0\spring-boot-starter-web-3.5.0.jar;C:\Users\itssk\.m2\repository\org\springframework\boot\spring-boot-starter-json\3.5.0\spring-boot-starter-json-3.5.0.jar;C:\Users\itssk\.m2\repository\com\fasterxml\jackson\core\jackson-databind\2.19.0\jackson-databind-2.19.0.jar;C:\Users\itssk\.m2\repository\com\fasterxml\jackson\core\jackson-annotations\2.19.0\jackson-annotations-2.19.0.jar;C:\Users\itssk\.m2\repository\com\fasterxml\jackson\core\jackson-core\2.19.0\jackson-core-2.19.0.jar;C:\Users\itssk\.m2\repository\com\fasterxml\jackson\datatype\jackson-datatype-jdk8\2.19.0\jackson-datatype-jdk8-2.19.0.jar;C:\Users\itssk\.m2\repository\com\fasterxml\jackson\datatype\jackson-datatype-jsr310\2.19.0\jackson-datatype-jsr310-2.19.0.jar;C:\Users\itssk\.m2\repository\com\fasterxml\jackson\module\jackson-module-parameter-names\2.19.0\jackson-module-parameter-names-2.19.0.jar;C:\Users\itssk\.m2\repository\org\springframework\boot\spring-boot-starter-tomcat\3.5.0\spring-boot-starter-tomcat-3.5.0.jar;C:\Users\itssk\.m2\repository\org\apache\tomcat\embed\tomcat-embed-core\10.1.41\tomcat-embed-core-10.1.41.jar;C:\Users\itssk\.m2\repository\org\apache\tomcat\embed\tomcat-embed-el\10.1.41\tomcat-embed-el-10.1.41.jar;C:\Users\itssk\.m2\repository\org\apache\tomcat\embed\tomcat-embed-websocket\10.1.41\tomcat-embed-websocket-10.1.41.jar;C:\Users\itssk\.m2\repository\org\springframework\spring-web\6.2.7\spring-web-6.2.7.jar;C:\Users\itssk\.m2\repository\io\micrometer\micrometer-observation\1.15.0\micrometer-observation-1.15.0.jar;C:\Users\itssk\.m2\repository\io\micrometer\micrometer-commons\1.15.0\micrometer-commons-1.15.0.jar;C:\Users\itssk\.m2\repository\org\springframework\spring-webmvc\6.2.7\spring-webmvc-6.2.7.jar;C:\Users\itssk\.m2\repository\org\springframework\spring-expression\6.2.7\spring-expression-6.2.7.jar;C:\Users\itssk\.m2\repository\org\springframework\boot\spring-boot-devtools\3.5.0\spring-boot-devtools-3.5.0.jar;C:\Users\itssk\.m2\repository\org\springframework\boot\spring-boot\3.5.0\spring-boot-3.5.0.jar;C:\Users\itssk\.m2\repository\org\springframework\boot\spring-boot-autoconfigure\3.5.0\spring-boot-autoconfigure-3.5.0.jar;C:\Users\itssk\.m2\repository\jakarta\xml\bind\jakarta.xml.bind-api\4.0.2\jakarta.xml.bind-api-4.0.2.jar;C:\Users\itssk\.m2\repository\jakarta\activation\jakarta.activation-api\2.1.3\jakarta.activation-api-2.1.3.jar;C:\Users\itssk\.m2\repository\org\springframework\spring-core\6.2.7\spring-core-6.2.7.jar;C:\Users\itssk\.m2\repository\org\springframework\spring-jcl\6.2.7\spring-jcl-6.2.7.jar
Launcher Type: SUN_STANDARD

[Global flags]
     intx CICompilerCount                          = 12                                        {product} {ergonomic}
     uint ConcGCThreads                            = 3                                         {product} {ergonomic}
     uint G1ConcRefinementThreads                  = 13                                        {product} {ergonomic}
   size_t G1HeapRegionSize                         = 2097152                                   {product} {ergonomic}
    uintx GCDrainStackTargetSize                   = 64                                        {product} {ergonomic}
   size_t InitialHeapSize                          = 264241152                                 {product} {ergonomic}
   size_t MarkStackSize                            = 4194304                                   {product} {ergonomic}
   size_t MaxHeapSize                              = 4219469824                                {product} {ergonomic}
   size_t MaxNewSize                               = 2531262464                                {product} {ergonomic}
   size_t MinHeapDeltaBytes                        = 2097152                                   {product} {ergonomic}
   size_t MinHeapSize                              = 8388608                                   {product} {ergonomic}
    uintx NonNMethodCodeHeapSize                   = 7602480                                {pd product} {ergonomic}
    uintx NonProfiledCodeHeapSize                  = 122027880                              {pd product} {ergonomic}
    uintx ProfiledCodeHeapSize                     = 122027880                              {pd product} {ergonomic}
    uintx ReservedCodeCacheSize                    = 251658240                              {pd product} {ergonomic}
     bool SegmentedCodeCache                       = true                                      {product} {ergonomic}
     bool ShowCodeDetailsInExceptionMessages       = true                                   {manageable} {command line}
   size_t SoftMaxHeapSize                          = 4219469824                             {manageable} {ergonomic}
     bool UseCompressedOops                        = true                           {product lp64_product} {ergonomic}
     bool UseG1GC                                  = true                                      {product} {ergonomic}
     bool UseLargePagesIndividualAllocation        = false                                  {pd product} {ergonomic}

Logging:
Log output configuration:
 #0: stdout all=warning uptime,level,tags foldmultilines=false
 #1: stderr all=off uptime,level,tags foldmultilines=false

Environment Variables:
PATH=C:/Program Files/Java/jdk-21/bin/server;C:/Program Files/Java/jdk-21/bin;C:\Program Files\Java\jdk-21\bin;C:\Program Files\Common Files\Oracle\Java\javapath;C:\ProgramData\Oracle\Java\javapath;C:\Program Files (x86)\VMware\VMware Workstation\bin\;C:\Program Files (x86)\Common Files\Oracle\Java\javapath;C:\Windows\system32;C:\Windows;C:\Windows\System32\Wbem;C:\Windows\System32\WindowsPowerShell\v1.0\;C:\Windows\System32\OpenSSH\;C:\Program Files (x86)\NVIDIA Corporation\PhysX\Common;C:\Program Files\NVIDIA Corporation\NVIDIA NvDLISR;C:\Program Files (x86)\MiKTeX 2.9\miktex\bin\;C:\Program Files\nodejs\;C:\WINDOWS\system32;C:\WINDOWS;C:\WINDOWS\System32\Wbem;C:\WINDOWS\System32\WindowsPowerShell\v1.0\;C:\WINDOWS\System32\OpenSSH\;C:\Program Files\MySQL\MySQL Shell 8.0\bin\;C:\Users\itssk\AppData\Local\Programs\Python\Python312\Scripts\;C:\Users\itssk\AppData\Local\Programs\Python\Python312\;C:\Program Files\Java\jdk-19\bin;C:\Users\itssk\OneDrive\Desktop\bin;%JAVA_HOME%\bin;C:\Users\itssk\AppData\Roaming\npm;C:\Users\itssk\intelligejava\bin;;C:\Users\itssk\AppData\Local\Microsoft\WindowsApps;;C:\Users\itssk\OneDrive\Desktop;
USERNAME=itssk
OS=Windows_NT
PROCESSOR_IDENTIFIER=Intel64 Family 6 Model 154 Stepping 3, GenuineIntel
TMP=C:\Users\itssk\AppData\Local\Temp
TEMP=C:\Users\itssk\AppData\Local\Temp




Periodic native trim disabled

---------------  S Y S T E M  ---------------

OS:
 Windows 11 , 64 bit Build 22621 (10.0.22621.5415)
OS uptime: 0 days 1:37 hours
Hyper-V role detected

CPU: total 16 (initial active 16) (8 cores per cpu, 2 threads per core) family 6 model 154 stepping 3 microcode 0x41b, cx8, cmov, fxsr, ht, mmx, 3dnowpref, sse, sse2, sse3, ssse3, sse4.1, sse4.2, popcnt, lzcnt, tsc, tscinvbit, avx, avx2, aes, erms, clmul, bmi1, bmi2, adx, sha, fma, vzeroupper, clflush, clflushopt, clwb, hv, serialize, rdtscp, rdpid, fsrm, f16c, cet_ibt, cet_ss
Processor Information for processor 0
  Max Mhz: 1700, Current Mhz: 1700, Mhz Limit: 1700
Processor Information for processor 1
  Max Mhz: 1700, Current Mhz: 1700, Mhz Limit: 1700
Processor Information for processor 2
  Max Mhz: 1700, Current Mhz: 1700, Mhz Limit: 1700
Processor Information for processor 3
  Max Mhz: 1700, Current Mhz: 1700, Mhz Limit: 1700
Processor Information for processor 4
  Max Mhz: 1700, Current Mhz: 1700, Mhz Limit: 1700
Processor Information for processor 5
  Max Mhz: 1700, Current Mhz: 1700, Mhz Limit: 1700
Processor Information for processor 6
  Max Mhz: 1700, Current Mhz: 1700, Mhz Limit: 1700
Processor Information for processor 7
  Max Mhz: 1700, Current Mhz: 1700, Mhz Limit: 1700
Processor Information for processor 8
  Max Mhz: 1700, Current Mhz: 1200, Mhz Limit: 1190
Processor Information for processor 9
  Max Mhz: 1700, Current Mhz: 1200, Mhz Limit: 1190
Processor Information for processor 10
  Max Mhz: 1700, Current Mhz: 1200, Mhz Limit: 1190
Processor Information for processor 11
  Max Mhz: 1700, Current Mhz: 1200, Mhz Limit: 1190
Processor Information for processor 12
  Max Mhz: 1700, Current Mhz: 1200, Mhz Limit: 1190
Processor Information for processor 13
  Max Mhz: 1700, Current Mhz: 1200, Mhz Limit: 1190
Processor Information for processor 14
  Max Mhz: 1700, Current Mhz: 1200, Mhz Limit: 1190
Processor Information for processor 15
  Max Mhz: 1700, Current Mhz: 1200, Mhz Limit: 1190

Memory: 4k page, system-wide physical 16088M (4392M free)
TotalPageFile size 39224M (AvailPageFile size 0M)
current process WorkingSet (physical memory assigned to process): 300M, peak: 354M
current process commit charge ("private bytes"): 351M, peak: 419M

vm_info: Java HotSpot(TM) 64-Bit Server VM (21.0.4+8-LTS-274) for windows-amd64 JRE (21.0.4+8-LTS-274), built on 2024-06-05T05:23:33Z by "mach5one" with MS VC++ 17.6 (VS2022)

END.
